<?xml version="1.0" encoding="UTF-8"?>
<!-- Generated by org.testng.reporters.JUnitReportReporter -->
<testsuite hostname="DESKTOP-R6MJMHV" failures="0" tests="3" name="tests.Runner1smoketest" time="387.669" errors="0" timestamp="2021-08-17T21:15:33 IST" skipped="0">
  <testcase classname="tests.Runner1smoketest" name="runScenario" time="94.227"/>
  <system-out/>
  <testcase classname="tests.Runner1smoketest" name="runScenario" time="96.413"/>
  <system-out/>
  <testcase classname="tests.Runner1smoketest" name="runScenario" time="197.029"/>
  <system-out/>
</testsuite> <!-- tests.Runner1smoketest -->
